<?xml version="1.0" encoding="UTF-8"?>
<testsuite xmlns:xsi="http://www.w3.org/2001/XMLSchema-instance" xsi:noNamespaceSchemaLocation="https://maven.apache.org/surefire/maven-surefire-plugin/xsd/surefire-test-report.xsd" name="calculatero.org.CalculateroTest" time="0.097" tests="40" errors="0" skipped="0" failures="0">
  <properties>
    <property name="java.specification.version" value="17"/>
    <property name="sun.cpu.isalist" value="amd64"/>
    <property name="sun.jnu.encoding" value="Cp1252"/>
    <property name="java.class.path" value="C:\Users\sivan\eclipse-workspace\calculatero.org\target\test-classes;C:\Users\sivan\eclipse-workspace\calculatero.org\target\classes;C:\Users\sivan\.m2\repository\org\junit\jupiter\junit-jupiter-engine\5.10.0-M1\junit-jupiter-engine-5.10.0-M1.jar;C:\Users\sivan\.m2\repository\org\junit\platform\junit-platform-engine\1.10.0-M1\junit-platform-engine-1.10.0-M1.jar;C:\Users\sivan\.m2\repository\org\opentest4j\opentest4j\1.2.0\opentest4j-1.2.0.jar;C:\Users\sivan\.m2\repository\org\junit\platform\junit-platform-commons\1.10.0-M1\junit-platform-commons-1.10.0-M1.jar;C:\Users\sivan\.m2\repository\org\junit\jupiter\junit-jupiter-api\5.10.0-M1\junit-jupiter-api-5.10.0-M1.jar;C:\Users\sivan\.m2\repository\org\apiguardian\apiguardian-api\1.1.2\apiguardian-api-1.1.2.jar;"/>
    <property name="java.vm.vendor" value="Eclipse Adoptium"/>
    <property name="sun.arch.data.model" value="64"/>
    <property name="user.variant" value=""/>
    <property name="java.vendor.url" value="https://adoptium.net/"/>
    <property name="user.timezone" value="Europe/Rome"/>
    <property name="os.name" value="Windows 11"/>
    <property name="java.vm.specification.version" value="17"/>
    <property name="sun.java.launcher" value="SUN_STANDARD"/>
    <property name="user.country" value="IT"/>
    <property name="sun.boot.library.path" value="C:\Users\sivan\OneDrive\Desktop\eclipse\plugins\org.eclipse.justj.openjdk.hotspot.jre.full.win32.x86_64_17.0.6.v20230204-1729\jre\bin"/>
    <property name="sun.java.command" value="C:\Users\sivan\AppData\Local\Temp\surefire17270747781653164351\surefirebooter5197169753497590932.jar C:\Users\sivan\AppData\Local\Temp\surefire17270747781653164351 2023-05-23T14-30-22_176-jvmRun1 surefire3339409820874979595tmp surefire_02973009933102352116tmp"/>
    <property name="jdk.debug" value="release"/>
    <property name="surefire.test.class.path" value="C:\Users\sivan\eclipse-workspace\calculatero.org\target\test-classes;C:\Users\sivan\eclipse-workspace\calculatero.org\target\classes;C:\Users\sivan\.m2\repository\org\junit\jupiter\junit-jupiter-engine\5.10.0-M1\junit-jupiter-engine-5.10.0-M1.jar;C:\Users\sivan\.m2\repository\org\junit\platform\junit-platform-engine\1.10.0-M1\junit-platform-engine-1.10.0-M1.jar;C:\Users\sivan\.m2\repository\org\opentest4j\opentest4j\1.2.0\opentest4j-1.2.0.jar;C:\Users\sivan\.m2\repository\org\junit\platform\junit-platform-commons\1.10.0-M1\junit-platform-commons-1.10.0-M1.jar;C:\Users\sivan\.m2\repository\org\junit\jupiter\junit-jupiter-api\5.10.0-M1\junit-jupiter-api-5.10.0-M1.jar;C:\Users\sivan\.m2\repository\org\apiguardian\apiguardian-api\1.1.2\apiguardian-api-1.1.2.jar;"/>
    <property name="sun.cpu.endian" value="little"/>
    <property name="user.home" value="C:\Users\sivan"/>
    <property name="user.language" value="it"/>
    <property name="java.specification.vendor" value="Oracle Corporation"/>
    <property name="java.version.date" value="2023-01-17"/>
    <property name="java.home" value="C:\Users\sivan\OneDrive\Desktop\eclipse\plugins\org.eclipse.justj.openjdk.hotspot.jre.full.win32.x86_64_17.0.6.v20230204-1729\jre"/>
    <property name="file.separator" value="\"/>
    <property name="style.color" value="always"/>
    <property name="basedir" value="C:\Users\sivan\eclipse-workspace\calculatero.org"/>
    <property name="java.vm.compressedOopsMode" value="Zero based"/>
    <property name="line.separator" value="&#10;"/>
    <property name="java.vm.specification.vendor" value="Oracle Corporation"/>
    <property name="java.specification.name" value="Java Platform API Specification"/>
    <property name="surefire.real.class.path" value="C:\Users\sivan\AppData\Local\Temp\surefire17270747781653164351\surefirebooter5197169753497590932.jar"/>
    <property name="user.script" value=""/>
    <property name="sun.management.compiler" value="HotSpot 64-Bit Tiered Compilers"/>
    <property name="java.runtime.version" value="17.0.6+10"/>
    <property name="user.name" value="sivan"/>
    <property name="path.separator" value=";"/>
    <property name="os.version" value="10.0"/>
    <property name="java.runtime.name" value="OpenJDK Runtime Environment"/>
    <property name="file.encoding" value="Cp1252"/>
    <property name="java.vm.name" value="OpenJDK 64-Bit Server VM"/>
    <property name="java.vendor.version" value="Temurin-17.0.6+10"/>
    <property name="localRepository" value="C:\Users\sivan\.m2\repository"/>
    <property name="java.vendor.url.bug" value="https://github.com/adoptium/adoptium-support/issues"/>
    <property name="java.io.tmpdir" value="C:\Users\sivan\AppData\Local\Temp\"/>
    <property name="java.version" value="17.0.6"/>
    <property name="user.dir" value="C:\Users\sivan\eclipse-workspace\calculatero.org"/>
    <property name="os.arch" value="amd64"/>
    <property name="java.vm.specification.name" value="Java Virtual Machine Specification"/>
    <property name="sun.os.patch.level" value=""/>
    <property name="native.encoding" value="Cp1252"/>
    <property name="java.library.path" value="C:\Users\sivan\OneDrive\Desktop\eclipse\plugins\org.eclipse.justj.openjdk.hotspot.jre.full.win32.x86_64_17.0.6.v20230204-1729\jre\bin;C:\WINDOWS\Sun\Java\bin;C:\WINDOWS\system32;C:\WINDOWS;C:/Users/sivan/OneDrive/Desktop/eclipse//plugins/org.eclipse.justj.openjdk.hotspot.jre.full.win32.x86_64_17.0.6.v20230204-1729/jre/bin/server;C:/Users/sivan/OneDrive/Desktop/eclipse//plugins/org.eclipse.justj.openjdk.hotspot.jre.full.win32.x86_64_17.0.6.v20230204-1729/jre/bin;C:\custom-comands-consoleC:\Program Files (x86)\NVIDIA Corporation\PhysX\Common;C:\Windows\System32\HWAudioDriverLibs;C:\Windows\system32;C:\Windows;C:\Windows\System32\Wbem;C:\Windows\System32\WindowsPowerShell\v1.0\;C:\Windows\System32\OpenSSH\;C:\Users\Administrator\AppData\Local\Microsoft\WindowsApps;C:\Program Files\dotnet\;C:\Program Files\Git\cmd;C:\Program Files\nodejs\;C:\WINDOWS\system32;C:\WINDOWS;C:\WINDOWS\System32\Wbem;C:\WINDOWS\System32\WindowsPowerShell\v1.0\;C:\WINDOWS\System32\OpenSSH\;C:\Program Files (x86)\dotnet\;C:\MAMP\bin\php\php8.1.0;C:\ProgramData\ComposerSetup\bin;C:\Users\sivan\AppData\Local\Programs\Python\Python310\Scripts\;C:\Users\sivan\AppData\Local\Programs\Python\Python310\;C:\Users\sivan\AppData\Local\Microsoft\WindowsApps;C:\Users\sivan\AppData\Local\atom\bin;C:\Users\sivan\AppData\Local\Programs\Microsoft VS Code\bin;C:\Users\sivan\AppData\Roaming\npm;C:\Users\sivan\AppData\Local\Microsoft\WindowsApps;C:\Users\sivan\AppData\Roaming\Composer\vendor\bin;C:\Users\sivan\AppData\Local\Programs\Python\Python310\Scripts\;C:\Users\sivan\AppData\Local\Programs\Python\Python310\;C:\Users\sivan\AppData\Local\Microsoft\WindowsApps;C:\Users\sivan\AppData\Local\atom\bin;C:\Users\sivan\AppData\Local\Programs\Microsoft VS Code\bin;C:\Users\sivan\AppData\Roaming\npm;C:\Users\sivan\AppData\Local\Microsoft\WindowsApps;C:\Users\sivan\AppData\Roaming\Composer\vendor\bin;C:\Users\sivan\OneDrive\Desktop\eclipse;;."/>
    <property name="java.vm.info" value="mixed mode"/>
    <property name="java.vendor" value="Eclipse Adoptium"/>
    <property name="java.vm.version" value="17.0.6+10"/>
    <property name="sun.io.unicode.encoding" value="UnicodeLittle"/>
    <property name="java.class.version" value="61.0"/>
  </properties>
  <testcase name="subTest[1]" classname="calculatero.org.CalculateroTest" time="0.021"/>
  <testcase name="subTest[2]" classname="calculatero.org.CalculateroTest" time="0.001"/>
  <testcase name="subTest[3]" classname="calculatero.org.CalculateroTest" time="0"/>
  <testcase name="subTest[4]" classname="calculatero.org.CalculateroTest" time="0"/>
  <testcase name="subTest[5]" classname="calculatero.org.CalculateroTest" time="0.001"/>
  <testcase name="subTest[6]" classname="calculatero.org.CalculateroTest" time="0.001"/>
  <testcase name="subTest[7]" classname="calculatero.org.CalculateroTest" time="0"/>
  <testcase name="subTest[8]" classname="calculatero.org.CalculateroTest" time="0"/>
  <testcase name="subTest[9]" classname="calculatero.org.CalculateroTest" time="0"/>
  <testcase name="subTest[10]" classname="calculatero.org.CalculateroTest" time="0"/>
  <testcase name="sumTest[1]" classname="calculatero.org.CalculateroTest" time="0"/>
  <testcase name="sumTest[2]" classname="calculatero.org.CalculateroTest" time="0"/>
  <testcase name="sumTest[3]" classname="calculatero.org.CalculateroTest" time="0.001"/>
  <testcase name="sumTest[4]" classname="calculatero.org.CalculateroTest" time="0"/>
  <testcase name="sumTest[5]" classname="calculatero.org.CalculateroTest" time="0"/>
  <testcase name="sumTest[6]" classname="calculatero.org.CalculateroTest" time="0.001"/>
  <testcase name="sumTest[7]" classname="calculatero.org.CalculateroTest" time="0"/>
  <testcase name="sumTest[8]" classname="calculatero.org.CalculateroTest" time="0"/>
  <testcase name="sumTest[9]" classname="calculatero.org.CalculateroTest" time="0.001"/>
  <testcase name="sumTest[10]" classname="calculatero.org.CalculateroTest" time="0.001"/>
  <testcase name="multiTest[1]" classname="calculatero.org.CalculateroTest" time="0"/>
  <testcase name="multiTest[2]" classname="calculatero.org.CalculateroTest" time="0"/>
  <testcase name="multiTest[3]" classname="calculatero.org.CalculateroTest" time="0"/>
  <testcase name="multiTest[4]" classname="calculatero.org.CalculateroTest" time="0"/>
  <testcase name="multiTest[5]" classname="calculatero.org.CalculateroTest" time="0"/>
  <testcase name="multiTest[6]" classname="calculatero.org.CalculateroTest" time="0.001"/>
  <testcase name="multiTest[7]" classname="calculatero.org.CalculateroTest" time="0"/>
  <testcase name="multiTest[8]" classname="calculatero.org.CalculateroTest" time="0.001"/>
  <testcase name="multiTest[9]" classname="calculatero.org.CalculateroTest" time="0"/>
  <testcase name="multiTest[10]" classname="calculatero.org.CalculateroTest" time="0"/>
  <testcase name="divTest[1]" classname="calculatero.org.CalculateroTest" time="0"/>
  <testcase name="divTest[2]" classname="calculatero.org.CalculateroTest" time="0"/>
  <testcase name="divTest[3]" classname="calculatero.org.CalculateroTest" time="0.001"/>
  <testcase name="divTest[4]" classname="calculatero.org.CalculateroTest" time="0.001"/>
  <testcase name="divTest[5]" classname="calculatero.org.CalculateroTest" time="0"/>
  <testcase name="divTest[6]" classname="calculatero.org.CalculateroTest" time="0"/>
  <testcase name="divTest[7]" classname="calculatero.org.CalculateroTest" time="0"/>
  <testcase name="divTest[8]" classname="calculatero.org.CalculateroTest" time="0.001"/>
  <testcase name="divTest[9]" classname="calculatero.org.CalculateroTest" time="0.002"/>
  <testcase name="divTest[10]" classname="calculatero.org.CalculateroTest" time="0"/>
</testsuite>